<?xml version="1.0" encoding="UTF-8" ?>
<testsuite tests="4" failures="0" name="g52445.atl.asciipaint.model.PointTest" time="0.004" errors="0" skipped="0">
  <properties>
[...]
</properties>
  <testcase classname="g52445.atl.asciipaint.model.PointTest" name="testMove" time="0.003"/>
  <testcase classname="g52445.atl.asciipaint.model.PointTest" name="testDistanceNull" time="0"/>
  <testcase classname="g52445.atl.asciipaint.model.PointTest" name="testDistanceTo" time="0"/>
  <testcase classname="g52445.atl.asciipaint.model.PointTest" name="testMoveNegfativ" time="0.001"/>
</testsuite>